<?xml version="1.0" encoding="UTF-8"?>
<testsuite xmlns:xsi="http://www.w3.org/2001/XMLSchema-instance" xsi:noNamespaceSchemaLocation="https://maven.apache.org/surefire/maven-surefire-plugin/xsd/surefire-test-report-3.0.xsd" version="3.0" name="runners.TestRunner" time="42.544" tests="1" errors="0" skipped="0" failures="0">
  <properties>
[...]
</properties>
  <testcase name="Purchase Sauce Labs Backpack and Bike Light" classname="Product Purchase" time="41.81">
    <system-out><![CDATA[
Scenario: Purchase Sauce Labs Backpack and Bike Light # src/test/resources/features/purchase.feature:6
  Given I open the Sauce Labs app                     # stepdefinitions.PurchaseSteps.iOpenTheSauceLabsApp()
  When I login with valid credentials                 # stepdefinitions.PurchaseSteps.iLoginWithValidCredentials()
Added to cart using Strategy 1
  And I add "Sauce Labs Backpack" to cart             # stepdefinitions.PurchaseSteps.iAddToCart(java.lang.String)
Added to cart using Strategy 1
  And I add "Sauce Labs Bike Light" to cart           # stepdefinitions.PurchaseSteps.iAddToCart(java.lang.String)
  And I open the cart                                 # stepdefinitions.PurchaseSteps.iOpenTheCart()
Checkout clicked using Strategy 1 (scroll)
Checkout info filled
Continue clicked
Finish clicked using Strategy 1
  And I proceed to checkout                           # stepdefinitions.PurchaseSteps.iProceedToCheckout()
  Then I should see order confirmation                # stepdefinitions.PurchaseSteps.iShouldSeeOrderConfirmation()
]]></system-out>
    <system-err><![CDATA[SLF4J: No SLF4J providers were found.
SLF4J: Defaulting to no-operation (NOP) logger implementation
SLF4J: See https://www.slf4j.org/codes.html#noProviders for further details.
]]></system-err>
  </testcase>
</testsuite>